<?xml version="1.0" encoding="UTF-8"?>
<testng-results skipped="0" failed="0" total="6" passed="6">
  <reporter-output>
  </reporter-output>
  <suite name="Default suite" duration-ms="156" started-at="2016-04-15T04:09:05Z" finished-at="2016-04-15T04:09:05Z">
    <groups>
    </groups>
    <test name="Default test" duration-ms="156" started-at="2016-04-15T04:09:05Z" finished-at="2016-04-15T04:09:05Z">
      <class name="com.sqa.lp.util.helpers.math.MultiplicationTests">
        <test-method status="PASS" signature="testMultNumbers([D, double)[pri:0, instance:com.sqa.lp.util.helpers.math.MultiplicationTests@76e5b3b9]" name="testMultNumbers" duration-ms="58" started-at="2016-04-14T21:09:05Z" data-provider="getData" finished-at="2016-04-14T21:09:05Z">
          <params>
            <param index="0">
              <value>
                <![CDATA[[D@476e8456]]>
              </value>
            </param>
            <param index="1">
              <value>
                <![CDATA[48.0]]>
              </value>
            </param>
          </params>
          <reporter-output>
          </reporter-output>
        </test-method> <!-- testMultNumbers -->
        <test-method status="PASS" signature="testMultNumbers([D, double)[pri:0, instance:com.sqa.lp.util.helpers.math.MultiplicationTests@76e5b3b9]" name="testMultNumbers" duration-ms="3" started-at="2016-04-14T21:09:05Z" data-provider="getData" finished-at="2016-04-14T21:09:05Z">
          <params>
            <param index="0">
              <value>
                <![CDATA[[D@28b24ebd]]>
              </value>
            </param>
            <param index="1">
              <value>
                <![CDATA[10.0]]>
              </value>
            </param>
          </params>
          <reporter-output>
          </reporter-output>
        </test-method> <!-- testMultNumbers -->
        <test-method status="PASS" signature="testMultNumbers([D, double)[pri:0, instance:com.sqa.lp.util.helpers.math.MultiplicationTests@76e5b3b9]" name="testMultNumbers" duration-ms="4" started-at="2016-04-14T21:09:05Z" data-provider="getData" finished-at="2016-04-14T21:09:05Z">
          <params>
            <param index="0">
              <value>
                <![CDATA[[D@524f6f2a]]>
              </value>
            </param>
            <param index="1">
              <value>
                <![CDATA[4.5]]>
              </value>
            </param>
          </params>
          <reporter-output>
          </reporter-output>
        </test-method> <!-- testMultNumbers -->
        <test-method status="PASS" signature="testMultNumbers([D, double)[pri:0, instance:com.sqa.lp.util.helpers.math.MultiplicationTests@76e5b3b9]" name="testMultNumbers" duration-ms="2" started-at="2016-04-14T21:09:05Z" data-provider="getData" finished-at="2016-04-14T21:09:05Z">
          <params>
            <param index="0">
              <value>
                <![CDATA[[D@5d0b589d]]>
              </value>
            </param>
            <param index="1">
              <value>
                <![CDATA[0.0]]>
              </value>
            </param>
          </params>
          <reporter-output>
          </reporter-output>
        </test-method> <!-- testMultNumbers -->
        <test-method status="PASS" signature="testMultNumbers([D, double)[pri:0, instance:com.sqa.lp.util.helpers.math.MultiplicationTests@76e5b3b9]" name="testMultNumbers" duration-ms="5" started-at="2016-04-14T21:09:05Z" data-provider="getData" finished-at="2016-04-14T21:09:05Z">
          <params>
            <param index="0">
              <value>
                <![CDATA[[D@13e6db24]]>
              </value>
            </param>
            <param index="1">
              <value>
                <![CDATA[90.0]]>
              </value>
            </param>
          </params>
          <reporter-output>
          </reporter-output>
        </test-method> <!-- testMultNumbers -->
        <test-method status="PASS" signature="testMultNumbers([D, double)[pri:0, instance:com.sqa.lp.util.helpers.math.MultiplicationTests@76e5b3b9]" name="testMultNumbers" duration-ms="2" started-at="2016-04-14T21:09:05Z" data-provider="getData" finished-at="2016-04-14T21:09:05Z">
          <params>
            <param index="0">
              <value>
                <![CDATA[[D@193d22b1]]>
              </value>
            </param>
            <param index="1">
              <value>
                <![CDATA[0.0]]>
              </value>
            </param>
          </params>
          <reporter-output>
          </reporter-output>
        </test-method> <!-- testMultNumbers -->
      </class> <!-- com.sqa.lp.util.helpers.math.MultiplicationTests -->
    </test> <!-- Default test -->
  </suite> <!-- Default suite -->
</testng-results>
